<?xml version="1.0" encoding="UTF-8"?>
<testsuite name="se.kry.codetest.TestMainVerticle" tests="1" skipped="0" failures="0" errors="0" timestamp="2020-01-12T17:10:37" hostname="Victors-MBP.lan" time="3.915">
  <properties/>
  <testcase name="start_http_server(Vertx, VertxTestContext)" classname="se.kry.codetest.TestMainVerticle" time="3.915"/>
  <system-out><![CDATA[]]></system-out>
  <system-err><![CDATA[Jan 12, 2020 6:10:37 PM com.mchange.v2.log.MLog 
INFO: MLog clients using java 1.4+ standard logging.
Jan 12, 2020 6:10:37 PM com.mchange.v2.c3p0.C3P0Registry 
INFO: Initializing c3p0-0.9.5.2 [built 08-December-2015 22:06:04 -0800; debug? true; trace: 10]
Jan 12, 2020 6:10:38 PM se.kry.codetest.MainVerticle
INFO: KRY code test service started
Jan 12, 2020 6:10:38 PM com.mchange.v2.c3p0.impl.AbstractPoolBackedDataSource 
INFO: Initializing c3p0 pool... com.mchange.v2.c3p0.ComboPooledDataSource [ acquireIncrement -> 3, acquireRetryAttempts -> 30, acquireRetryDelay -> 1000, autoCommitOnClose -> false, automaticTestTable -> null, breakAfterAcquireFailure -> false, checkoutTimeout -> 0, connectionCustomizerClassName -> null, connectionTesterClassName -> com.mchange.v2.c3p0.impl.DefaultConnectionTester, contextClassLoaderSource -> caller, dataSourceName -> 1hge18fa716xm5bdubnq9m|69f795eb, debugUnreturnedConnectionStackTraces -> false, description -> null, driverClass -> org.sqlite.JDBC, extensions -> {}, factoryClassLocation -> null, forceIgnoreUnresolvedTransactions -> false, forceSynchronousCheckins -> false, forceUseNamedDriverClass -> false, identityToken -> 1hge18fa716xm5bdubnq9m|69f795eb, idleConnectionTestPeriod -> 0, initialPoolSize -> 3, jdbcUrl -> jdbc:sqlite:poller.db, maxAdministrativeTaskTime -> 0, maxConnectionAge -> 0, maxIdleTime -> 0, maxIdleTimeExcessConnections -> 0, maxPoolSize -> 30, maxStatements -> 0, maxStatementsPerConnection -> 0, minPoolSize -> 3, numHelperThreads -> 3, preferredTestQuery -> null, privilegeSpawnedThreads -> false, properties -> {}, propertyCycle -> 0, statementCacheNumDeferredCloseThreads -> 0, testConnectionOnCheckin -> false, testConnectionOnCheckout -> false, unreturnedConnectionTimeout -> 0, userOverrides -> {}, usesTraditionalReflectiveProxies -> false ]
]]></system-err>
</testsuite>
